
Hi, this is the Zoo Announcer. The Zookeeper is about to wake the animals!
--
Carl the Cat has woken up
Candy the Cat has woken up
Doris the Dog has woken up
Dan the Dog has woken up
Eric the Elephant has woken up
Earl the Elephant has woken up
Harry the Hippo has woken up
Humphrey the Hippo has woken up
Leopold the Lion has woken up
Larry the Lion has woken up
Rory the Rhino has woken up
Rodger the Rhino has woken up
Terrance the Tiger has woken up
Time the Tiger has woken up
Wallace the Wolf has woken up
Wendy the Wolf has woken up

Hi, this is the Zoo Announcer. The Zookeeper is about to do a roll call!
--
Carl the Cat eats mice
Candy the Cat stalks
Doris the Dog growls
Dan the Dog growls
Eric the Elephant trumpets
Earl the Elephant trumpets
Harry the Hippo grunts
Humphrey the Hippo grunts
Leopold the Lion roars
Larry the Lion roars
Rory the Rhino grunts
Rodger the Rhino grunts
Terrance the Tiger roars
Time the Tiger roars
Wallace the Wolf howls
Wendy the Wolf howls

Hi, this is the Zoo Announcer. The Zookeeper is about to feed the animals!
--
Carl the Cat eats mice
Candy the Cat eats mice
Doris the Dog eats bone
Dan the Dog eats bone
Eric the Elephant eats tree bark
Earl the Elephant eats tree bark
Harry the Hippo eats reeds
Humphrey the Hippo eats reeds
Leopold the Lion eats gazelle
Larry the Lion eats gazelle
Rory the Rhino eats grass
Rodger the Rhino eats grass
Terrance the Tiger eats buffalo
Time the Tiger eats buffalo
Wallace the Wolf eats rabbit
Wendy the Wolf eats rabbit

Hi, this is the Zoo Announcer. The Zookeeper is about to let the animals roam about!
--
Carl the Cat stalks
Candy the Cat stalks
Doris the Dog runs
Dan the Dog runs
Eric the Elephant stomps
Earl the Elephant stomps
Harry the Hippo stomps
Humphrey the Hippo stomps
Leopold the Lion stalks
Larry the Lion stalks
Rory the Rhino stomps
Rodger the Rhino stomps
Terrance the Tiger stalks
Time the Tiger stalks
Wallace the Wolf runs
Wendy the Wolf runs

Hi, this is the Zoo Announcer. The Zookeeper is about to put the animals to bed!
--
Carl the Cat is sleeping
Candy the Cat is sleeping
Doris the Dog is sleeping
Dan the Dog is sleeping
Eric the Elephant is sleeping
Earl the Elephant is sleeping
Harry the Hippo is sleeping
Humphrey the Hippo is sleeping
Leopold the Lion is sleeping
Larry the Lion is sleeping
Rory the Rhino is sleeping
Rodger the Rhino is sleeping
Terrance the Tiger is sleeping
Time the Tiger is sleeping
Wallace the Wolf is sleeping
Wendy the Wolf is sleeping
